2020-05-18 21:24:37.374 +02:00 [INF] Start aggregates procedure
2020-05-18 21:25:11.381 +02:00 [ERR] Duplicate entry 'https://www.notino.it/profumi-uomo/?f=6-1-55544-55549' for key 'unique_1' for query: INSERT INTO websites_pages_aggregates (website_id, url, html, is_done, is_deleted, has_error) VALUES ( 1, 'https://www.notino.it/profumi-uomo/?f=6-1-55544-55549', NULL, False, False, False )
2020-05-18 21:25:12.592 +02:00 [ERR] Duplicate entry 'https://www.notino.it/profumi-uomo/?f=8-1-55544-55549' for key 'unique_1' for query: INSERT INTO websites_pages_aggregates (website_id, url, html, is_done, is_deleted, has_error) VALUES ( 1, 'https://www.notino.it/profumi-uomo/?f=8-1-55544-55549', NULL, False, False, False )
2020-05-18 21:25:13.774 +02:00 [ERR] Duplicate entry 'https://www.notino.it/profumi-uomo/?f=7-1-55544-55549' for key 'unique_1' for query: INSERT INTO websites_pages_aggregates (website_id, url, html, is_done, is_deleted, has_error) VALUES ( 1, 'https://www.notino.it/profumi-uomo/?f=7-1-55544-55549', NULL, False, False, False )
2020-05-18 21:25:16.099 +02:00 [ERR] Duplicate entry 'https://www.notino.it/profumi-uomo/?f=5-1-55544-55549' for key 'unique_1' for query: INSERT INTO websites_pages_aggregates (website_id, url, html, is_done, is_deleted, has_error) VALUES ( 1, 'https://www.notino.it/profumi-uomo/?f=5-1-55544-55549', NULL, False, False, False )
2020-05-18 21:25:17.289 +02:00 [ERR] Duplicate entry 'https://www.notino.it/profumi-uomo/?f=9-1-55544-55549' for key 'unique_1' for query: INSERT INTO websites_pages_aggregates (website_id, url, html, is_done, is_deleted, has_error) VALUES ( 1, 'https://www.notino.it/profumi-uomo/?f=9-1-55544-55549', NULL, False, False, False )
2020-05-18 21:25:21.112 +02:00 [ERR] Duplicate entry 'https://www.notino.it/profumi-uomo/?f=11-1-55544-55549' for key 'unique_1' for query: INSERT INTO websites_pages_aggregates (website_id, url, html, is_done, is_deleted, has_error) VALUES ( 1, 'https://www.notino.it/profumi-uomo/?f=11-1-55544-55549', NULL, False, False, False )
2020-05-18 21:25:22.278 +02:00 [ERR] Duplicate entry 'https://www.notino.it/profumi-uomo/?f=13-1-55544-55549' for key 'unique_1' for query: INSERT INTO websites_pages_aggregates (website_id, url, html, is_done, is_deleted, has_error) VALUES ( 1, 'https://www.notino.it/profumi-uomo/?f=13-1-55544-55549', NULL, False, False, False )
2020-05-18 21:25:23.444 +02:00 [ERR] Duplicate entry 'https://www.notino.it/profumi-uomo/?f=12-1-55544-55549' for key 'unique_1' for query: INSERT INTO websites_pages_aggregates (website_id, url, html, is_done, is_deleted, has_error) VALUES ( 1, 'https://www.notino.it/profumi-uomo/?f=12-1-55544-55549', NULL, False, False, False )
2020-05-18 21:25:24.608 +02:00 [ERR] Duplicate entry 'https://www.notino.it/profumi-uomo/?f=116-1-55544-55549' for key 'unique_1' for query: INSERT INTO websites_pages_aggregates (website_id, url, html, is_done, is_deleted, has_error) VALUES ( 1, 'https://www.notino.it/profumi-uomo/?f=116-1-55544-55549', NULL, False, False, False )
2020-05-18 21:25:25.802 +02:00 [ERR] Duplicate entry 'https://www.notino.it/profumi-uomo/?f=10-1-55544-55549' for key 'unique_1' for query: INSERT INTO websites_pages_aggregates (website_id, url, html, is_done, is_deleted, has_error) VALUES ( 1, 'https://www.notino.it/profumi-uomo/?f=10-1-55544-55549', NULL, False, False, False )
2020-05-18 21:25:26.975 +02:00 [ERR] Duplicate entry 'https://www.notino.it/profumi-uomo/?f=14-1-55544-55549' for key 'unique_1' for query: INSERT INTO websites_pages_aggregates (website_id, url, html, is_done, is_deleted, has_error) VALUES ( 1, 'https://www.notino.it/profumi-uomo/?f=14-1-55544-55549', NULL, False, False, False )
2020-05-18 21:25:30.881 +02:00 [ERR] Duplicate entry 'https://www.notino.it/profumi-uomo/?f=2-1-55544-55549' for key 'unique_1' for query: INSERT INTO websites_pages_aggregates (website_id, url, html, is_done, is_deleted, has_error) VALUES ( 1, 'https://www.notino.it/profumi-uomo/?f=2-1-55544-55549', NULL, False, False, False )
2020-05-18 21:25:32.124 +02:00 [ERR] Duplicate entry 'https://www.notino.it/profumi-uomo/?f=4-1-55544-55549' for key 'unique_1' for query: INSERT INTO websites_pages_aggregates (website_id, url, html, is_done, is_deleted, has_error) VALUES ( 1, 'https://www.notino.it/profumi-uomo/?f=4-1-55544-55549', NULL, False, False, False )
2020-05-18 21:25:33.371 +02:00 [ERR] Duplicate entry 'https://www.notino.it/profumi-uomo/?f=3-1-55544-55549' for key 'unique_1' for query: INSERT INTO websites_pages_aggregates (website_id, url, html, is_done, is_deleted, has_error) VALUES ( 1, 'https://www.notino.it/profumi-uomo/?f=3-1-55544-55549', NULL, False, False, False )
2020-05-18 21:25:34.633 +02:00 [ERR] Duplicate entry 'https://www.notino.it/profumi-uomo/?f=116-1-55544-55549' for key 'unique_1' for query: INSERT INTO websites_pages_aggregates (website_id, url, html, is_done, is_deleted, has_error) VALUES ( 1, 'https://www.notino.it/profumi-uomo/?f=116-1-55544-55549', NULL, False, False, False )
2020-05-18 21:25:35.876 +02:00 [ERR] Duplicate entry 'https://www.notino.it/profumi-uomo/?f=5-1-55544-55549' for key 'unique_1' for query: INSERT INTO websites_pages_aggregates (website_id, url, html, is_done, is_deleted, has_error) VALUES ( 1, 'https://www.notino.it/profumi-uomo/?f=5-1-55544-55549', NULL, False, False, False )
2020-05-18 21:25:39.384 +02:00 [ERR] Duplicate entry 'https://www.notino.it/profumi-uomo/?f=113-1-55544-55549' for key 'unique_1' for query: INSERT INTO websites_pages_aggregates (website_id, url, html, is_done, is_deleted, has_error) VALUES ( 1, 'https://www.notino.it/profumi-uomo/?f=113-1-55544-55549', NULL, False, False, False )
2020-05-18 21:25:40.597 +02:00 [ERR] Duplicate entry 'https://www.notino.it/profumi-uomo/?f=115-1-55544-55549' for key 'unique_1' for query: INSERT INTO websites_pages_aggregates (website_id, url, html, is_done, is_deleted, has_error) VALUES ( 1, 'https://www.notino.it/profumi-uomo/?f=115-1-55544-55549', NULL, False, False, False )
2020-05-18 21:25:41.862 +02:00 [ERR] Duplicate entry 'https://www.notino.it/profumi-uomo/?f=114-1-55544-55549' for key 'unique_1' for query: INSERT INTO websites_pages_aggregates (website_id, url, html, is_done, is_deleted, has_error) VALUES ( 1, 'https://www.notino.it/profumi-uomo/?f=114-1-55544-55549', NULL, False, False, False )
2020-05-18 21:25:43.135 +02:00 [ERR] Duplicate entry 'https://www.notino.it/profumi-uomo/?f=116-1-55544-55549' for key 'unique_1' for query: INSERT INTO websites_pages_aggregates (website_id, url, html, is_done, is_deleted, has_error) VALUES ( 1, 'https://www.notino.it/profumi-uomo/?f=116-1-55544-55549', NULL, False, False, False )
2020-05-18 21:25:44.360 +02:00 [ERR] Duplicate entry 'https://www.notino.it/profumi-uomo/?f=112-1-55544-55549' for key 'unique_1' for query: INSERT INTO websites_pages_aggregates (website_id, url, html, is_done, is_deleted, has_error) VALUES ( 1, 'https://www.notino.it/profumi-uomo/?f=112-1-55544-55549', NULL, False, False, False )
2020-05-18 21:25:48.352 +02:00 [ERR] Duplicate entry 'https://www.notino.it/profumi-uomo/?f=14-1-55544-55549' for key 'unique_1' for query: INSERT INTO websites_pages_aggregates (website_id, url, html, is_done, is_deleted, has_error) VALUES ( 1, 'https://www.notino.it/profumi-uomo/?f=14-1-55544-55549', NULL, False, False, False )
2020-05-18 21:25:49.601 +02:00 [ERR] Duplicate entry 'https://www.notino.it/profumi-uomo/?f=16-1-55544-55549' for key 'unique_1' for query: INSERT INTO websites_pages_aggregates (website_id, url, html, is_done, is_deleted, has_error) VALUES ( 1, 'https://www.notino.it/profumi-uomo/?f=16-1-55544-55549', NULL, False, False, False )
2020-05-18 21:25:50.824 +02:00 [ERR] Duplicate entry 'https://www.notino.it/profumi-uomo/?f=15-1-55544-55549' for key 'unique_1' for query: INSERT INTO websites_pages_aggregates (website_id, url, html, is_done, is_deleted, has_error) VALUES ( 1, 'https://www.notino.it/profumi-uomo/?f=15-1-55544-55549', NULL, False, False, False )
2020-05-18 21:25:52.030 +02:00 [ERR] Duplicate entry 'https://www.notino.it/profumi-uomo/?f=116-1-55544-55549' for key 'unique_1' for query: INSERT INTO websites_pages_aggregates (website_id, url, html, is_done, is_deleted, has_error) VALUES ( 1, 'https://www.notino.it/profumi-uomo/?f=116-1-55544-55549', NULL, False, False, False )
2020-05-18 21:25:53.215 +02:00 [ERR] Duplicate entry 'https://www.notino.it/profumi-uomo/?f=13-1-55544-55549' for key 'unique_1' for query: INSERT INTO websites_pages_aggregates (website_id, url, html, is_done, is_deleted, has_error) VALUES ( 1, 'https://www.notino.it/profumi-uomo/?f=13-1-55544-55549', NULL, False, False, False )
2020-05-18 21:25:54.397 +02:00 [ERR] Duplicate entry 'https://www.notino.it/profumi-uomo/?f=17-1-55544-55549' for key 'unique_1' for query: INSERT INTO websites_pages_aggregates (website_id, url, html, is_done, is_deleted, has_error) VALUES ( 1, 'https://www.notino.it/profumi-uomo/?f=17-1-55544-55549', NULL, False, False, False )
2020-05-18 21:25:57.936 +02:00 [ERR] Duplicate entry 'https://www.notino.it/profumi-uomo/?f=3-1-55544-55549' for key 'unique_1' for query: INSERT INTO websites_pages_aggregates (website_id, url, html, is_done, is_deleted, has_error) VALUES ( 1, 'https://www.notino.it/profumi-uomo/?f=3-1-55544-55549', NULL, False, False, False )
2020-05-18 21:25:59.146 +02:00 [ERR] Duplicate entry 'https://www.notino.it/profumi-uomo/?f=2-1-55544-55549' for key 'unique_1' for query: INSERT INTO websites_pages_aggregates (website_id, url, html, is_done, is_deleted, has_error) VALUES ( 1, 'https://www.notino.it/profumi-uomo/?f=2-1-55544-55549', NULL, False, False, False )
2020-05-18 21:26:00.387 +02:00 [ERR] Duplicate entry 'https://www.notino.it/profumi-uomo/?f=116-1-55544-55549' for key 'unique_1' for query: INSERT INTO websites_pages_aggregates (website_id, url, html, is_done, is_deleted, has_error) VALUES ( 1, 'https://www.notino.it/profumi-uomo/?f=116-1-55544-55549', NULL, False, False, False )
2020-05-18 21:26:30.148 +02:00 [ERR] Duplicate entry 'https://www.notino.it/profumi-uomo/?f=4-1-55544-55549' for key 'unique_1' for query: INSERT INTO websites_pages_aggregates (website_id, url, html, is_done, is_deleted, has_error) VALUES ( 1, 'https://www.notino.it/profumi-uomo/?f=4-1-55544-55549', NULL, False, False, False )
2020-05-18 21:26:31.402 +02:00 [ERR] Duplicate entry 'https://www.notino.it/profumi-uomo/?f=5-1-55544-55549' for key 'unique_1' for query: INSERT INTO websites_pages_aggregates (website_id, url, html, is_done, is_deleted, has_error) VALUES ( 1, 'https://www.notino.it/profumi-uomo/?f=5-1-55544-55549', NULL, False, False, False )
2020-05-18 21:26:35.336 +02:00 [ERR] Duplicate entry 'https://www.notino.it/profumi-uomo/?f=112-1-55544-55549' for key 'unique_1' for query: INSERT INTO websites_pages_aggregates (website_id, url, html, is_done, is_deleted, has_error) VALUES ( 1, 'https://www.notino.it/profumi-uomo/?f=112-1-55544-55549', NULL, False, False, False )
2020-05-18 21:26:36.567 +02:00 [ERR] Duplicate entry 'https://www.notino.it/profumi-uomo/?f=114-1-55544-55549' for key 'unique_1' for query: INSERT INTO websites_pages_aggregates (website_id, url, html, is_done, is_deleted, has_error) VALUES ( 1, 'https://www.notino.it/profumi-uomo/?f=114-1-55544-55549', NULL, False, False, False )
2020-05-18 21:26:37.775 +02:00 [ERR] Duplicate entry 'https://www.notino.it/profumi-uomo/?f=113-1-55544-55549' for key 'unique_1' for query: INSERT INTO websites_pages_aggregates (website_id, url, html, is_done, is_deleted, has_error) VALUES ( 1, 'https://www.notino.it/profumi-uomo/?f=113-1-55544-55549', NULL, False, False, False )
2020-05-18 21:26:39.017 +02:00 [ERR] Duplicate entry 'https://www.notino.it/profumi-uomo/?f=116-1-55544-55549' for key 'unique_1' for query: INSERT INTO websites_pages_aggregates (website_id, url, html, is_done, is_deleted, has_error) VALUES ( 1, 'https://www.notino.it/profumi-uomo/?f=116-1-55544-55549', NULL, False, False, False )
2020-05-18 21:26:40.230 +02:00 [ERR] Duplicate entry 'https://www.notino.it/profumi-uomo/?f=111-1-55544-55549' for key 'unique_1' for query: INSERT INTO websites_pages_aggregates (website_id, url, html, is_done, is_deleted, has_error) VALUES ( 1, 'https://www.notino.it/profumi-uomo/?f=111-1-55544-55549', NULL, False, False, False )
2020-05-18 21:26:41.503 +02:00 [ERR] Duplicate entry 'https://www.notino.it/profumi-uomo/?f=115-1-55544-55549' for key 'unique_1' for query: INSERT INTO websites_pages_aggregates (website_id, url, html, is_done, is_deleted, has_error) VALUES ( 1, 'https://www.notino.it/profumi-uomo/?f=115-1-55544-55549', NULL, False, False, False )
2020-05-18 21:26:45.411 +02:00 [ERR] Duplicate entry 'https://www.notino.it/profumi-uomo/?f=8-1-55544-55549' for key 'unique_1' for query: INSERT INTO websites_pages_aggregates (website_id, url, html, is_done, is_deleted, has_error) VALUES ( 1, 'https://www.notino.it/profumi-uomo/?f=8-1-55544-55549', NULL, False, False, False )
2020-05-18 21:26:46.640 +02:00 [ERR] Duplicate entry 'https://www.notino.it/profumi-uomo/?f=10-1-55544-55549' for key 'unique_1' for query: INSERT INTO websites_pages_aggregates (website_id, url, html, is_done, is_deleted, has_error) VALUES ( 1, 'https://www.notino.it/profumi-uomo/?f=10-1-55544-55549', NULL, False, False, False )
2020-05-18 21:26:47.849 +02:00 [ERR] Duplicate entry 'https://www.notino.it/profumi-uomo/?f=9-1-55544-55549' for key 'unique_1' for query: INSERT INTO websites_pages_aggregates (website_id, url, html, is_done, is_deleted, has_error) VALUES ( 1, 'https://www.notino.it/profumi-uomo/?f=9-1-55544-55549', NULL, False, False, False )
2020-05-18 21:37:04.561 +02:00 [INF] Start aggregates procedure
2020-05-18 21:40:37.371 +02:00 [INF] Start aggregates procedure
2020-05-18 21:41:25.730 +02:00 [ERR] Fatal exception
System.NullReferenceException: Object reference not set to an instance of an object.
   at Middle_Notes.Saver.Program.<>c__DisplayClass1_1.<<SaveWebPages>b__0>d.MoveNext() in C:\Users\Davide\Documents\GitHub\middle-notes.saver\Middle-Notes.Saver\Middle-Notes.Saver\Program.cs:line 109
--- End of stack trace from previous location where exception was thrown ---
   at Middle_Notes.Saver.Program.SaveWebPages(Website website, SavingOptions options, WebPagesAggregatesRepository war, WebPagesMastersRepository wmr, String arg) in C:\Users\Davide\Documents\GitHub\middle-notes.saver\Middle-Notes.Saver\Middle-Notes.Saver\Program.cs:line 144
   at Middle_Notes.Saver.Program.Main(String[] args) in C:\Users\Davide\Documents\GitHub\middle-notes.saver\Middle-Notes.Saver\Middle-Notes.Saver\Program.cs:line 47
   at Middle_Notes.Saver.Program.<Main>(String[] args)
2020-05-18 21:43:27.673 +02:00 [INF] Start aggregates procedure
2020-05-18 21:52:02.842 +02:00 [INF] Start aggregates procedure
