2020-05-17 21:57:38.223 +02:00 [INF] Start aggregates procedure
2020-05-17 21:58:34.405 +02:00 [INF] Start aggregates procedure
2020-05-17 21:59:19.721 +02:00 [INF] Start aggregates procedure
2020-05-17 21:59:45.553 +02:00 [INF] Start aggregates procedure
2020-05-17 21:59:53.087 +02:00 [INF] Start aggregates procedure
2020-05-17 22:03:37.223 +02:00 [INF] Start aggregates procedure
2020-05-17 22:06:30.193 +02:00 [INF] Start aggregates procedure
2020-05-17 22:06:59.123 +02:00 [INF] Start aggregates procedure
2020-05-17 22:08:23.255 +02:00 [INF] Start aggregates procedure
2020-05-17 22:09:24.954 +02:00 [INF] Start aggregates procedure
2020-05-17 22:09:44.940 +02:00 [INF] Start aggregates procedure
2020-05-17 22:10:09.079 +02:00 [INF] Start aggregates procedure
2020-05-17 22:15:49.675 +02:00 [INF] Start aggregates procedure
2020-05-17 22:18:07.551 +02:00 [INF] Start aggregates procedure
2020-05-17 22:18:35.587 +02:00 [INF] Start aggregates procedure
2020-05-17 22:20:40.428 +02:00 [INF] Start aggregates procedure
2020-05-17 22:32:12.737 +02:00 [INF] Start aggregates procedure
2020-05-17 22:33:34.482 +02:00 [INF] Start aggregates procedure
2020-05-17 22:33:57.213 +02:00 [ERR] Duplicate entry 'https://www.notino.it/profumi-uomo/?f=3-1-55544-55549' for key 'unique_1' for query: INSERT INTO websites_pages_aggregates (website_id, url, html, is_done, is_deleted, has_error) VALUES ( 1, 'https://www.notino.it/profumi-uomo/?f=3-1-55544-55549', NULL, False, False, False )
2020-05-17 22:34:10.329 +02:00 [INF] Start aggregates procedure
2020-05-17 22:34:23.801 +02:00 [ERR] Duplicate entry 'https://www.notino.it/profumi-uomo/?f=4-1-55544-55549' for key 'unique_1' for query: INSERT INTO websites_pages_aggregates (website_id, url, html, is_done, is_deleted, has_error) VALUES ( 1, 'https://www.notino.it/profumi-uomo/?f=4-1-55544-55549', NULL, False, False, False )
2020-05-17 22:34:26.381 +02:00 [ERR] Duplicate entry 'https://www.notino.it/profumi-uomo/?f=5-1-55544-55549' for key 'unique_1' for query: INSERT INTO websites_pages_aggregates (website_id, url, html, is_done, is_deleted, has_error) VALUES ( 1, 'https://www.notino.it/profumi-uomo/?f=5-1-55544-55549', NULL, False, False, False )
2020-05-17 22:34:27.675 +02:00 [ERR] Duplicate entry 'https://www.notino.it/profumi-uomo/?f=115-1-55544-55549' for key 'unique_1' for query: INSERT INTO websites_pages_aggregates (website_id, url, html, is_done, is_deleted, has_error) VALUES ( 1, 'https://www.notino.it/profumi-uomo/?f=115-1-55544-55549', NULL, False, False, False )
2020-05-17 22:34:28.961 +02:00 [ERR] Duplicate entry 'https://www.notino.it/profumi-uomo/?f=3-1-55544-55549' for key 'unique_1' for query: INSERT INTO websites_pages_aggregates (website_id, url, html, is_done, is_deleted, has_error) VALUES ( 1, 'https://www.notino.it/profumi-uomo/?f=3-1-55544-55549', NULL, False, False, False )
2020-05-17 22:34:34.160 +02:00 [ERR] Duplicate entry 'https://www.notino.it/profumi-uomo/?f=3-1-55544-55549' for key 'unique_1' for query: INSERT INTO websites_pages_aggregates (website_id, url, html, is_done, is_deleted, has_error) VALUES ( 1, 'https://www.notino.it/profumi-uomo/?f=3-1-55544-55549', NULL, False, False, False )
2020-05-17 22:34:35.753 +02:00 [ERR] Duplicate entry 'https://www.notino.it/profumi-uomo/?f=2-1-55544-55549' for key 'unique_1' for query: INSERT INTO websites_pages_aggregates (website_id, url, html, is_done, is_deleted, has_error) VALUES ( 1, 'https://www.notino.it/profumi-uomo/?f=2-1-55544-55549', NULL, False, False, False )
2020-05-17 22:34:37.065 +02:00 [ERR] Duplicate entry 'https://www.notino.it/profumi-uomo/?f=115-1-55544-55549' for key 'unique_1' for query: INSERT INTO websites_pages_aggregates (website_id, url, html, is_done, is_deleted, has_error) VALUES ( 1, 'https://www.notino.it/profumi-uomo/?f=115-1-55544-55549', NULL, False, False, False )
2020-05-17 22:34:38.322 +02:00 [ERR] Duplicate entry 'https://www.notino.it/profumi-uomo/?f=4-1-55544-55549' for key 'unique_1' for query: INSERT INTO websites_pages_aggregates (website_id, url, html, is_done, is_deleted, has_error) VALUES ( 1, 'https://www.notino.it/profumi-uomo/?f=4-1-55544-55549', NULL, False, False, False )
2020-05-17 22:34:39.581 +02:00 [ERR] Duplicate entry 'https://www.notino.it/profumi-uomo/?f=5-1-55544-55549' for key 'unique_1' for query: INSERT INTO websites_pages_aggregates (website_id, url, html, is_done, is_deleted, has_error) VALUES ( 1, 'https://www.notino.it/profumi-uomo/?f=5-1-55544-55549', NULL, False, False, False )
2020-05-17 22:34:44.505 +02:00 [ERR] Duplicate entry 'https://www.notino.it/profumi-uomo/?f=115-1-55544-55549' for key 'unique_1' for query: INSERT INTO websites_pages_aggregates (website_id, url, html, is_done, is_deleted, has_error) VALUES ( 1, 'https://www.notino.it/profumi-uomo/?f=115-1-55544-55549', NULL, False, False, False )
2020-05-17 22:34:52.155 +02:00 [ERR] Duplicate entry 'https://www.notino.it/profumi-uomo/?f=3-1-55544-55549' for key 'unique_1' for query: INSERT INTO websites_pages_aggregates (website_id, url, html, is_done, is_deleted, has_error) VALUES ( 1, 'https://www.notino.it/profumi-uomo/?f=3-1-55544-55549', NULL, False, False, False )
2020-05-17 22:34:53.575 +02:00 [ERR] Duplicate entry 'https://www.notino.it/profumi-uomo/?f=5-1-55544-55549' for key 'unique_1' for query: INSERT INTO websites_pages_aggregates (website_id, url, html, is_done, is_deleted, has_error) VALUES ( 1, 'https://www.notino.it/profumi-uomo/?f=5-1-55544-55549', NULL, False, False, False )
2020-05-17 22:34:55.258 +02:00 [ERR] Duplicate entry 'https://www.notino.it/profumi-uomo/?f=4-1-55544-55549' for key 'unique_1' for query: INSERT INTO websites_pages_aggregates (website_id, url, html, is_done, is_deleted, has_error) VALUES ( 1, 'https://www.notino.it/profumi-uomo/?f=4-1-55544-55549', NULL, False, False, False )
2020-05-17 22:34:56.559 +02:00 [ERR] Duplicate entry 'https://www.notino.it/profumi-uomo/?f=115-1-55544-55549' for key 'unique_1' for query: INSERT INTO websites_pages_aggregates (website_id, url, html, is_done, is_deleted, has_error) VALUES ( 1, 'https://www.notino.it/profumi-uomo/?f=115-1-55544-55549', NULL, False, False, False )
2020-05-17 22:34:57.803 +02:00 [ERR] Duplicate entry 'https://www.notino.it/profumi-uomo/?f=2-1-55544-55549' for key 'unique_1' for query: INSERT INTO websites_pages_aggregates (website_id, url, html, is_done, is_deleted, has_error) VALUES ( 1, 'https://www.notino.it/profumi-uomo/?f=2-1-55544-55549', NULL, False, False, False )
2020-05-17 22:34:59.111 +02:00 [ERR] Duplicate entry 'https://www.notino.it/profumi-uomo/?f=6-1-55544-55549' for key 'unique_1' for query: INSERT INTO websites_pages_aggregates (website_id, url, html, is_done, is_deleted, has_error) VALUES ( 1, 'https://www.notino.it/profumi-uomo/?f=6-1-55544-55549', NULL, False, False, False )
2020-05-17 22:36:29.212 +02:00 [INF] Start aggregates procedure
2020-05-17 22:37:07.178 +02:00 [INF] Start aggregates procedure
2020-05-17 22:37:37.370 +02:00 [ERR] Duplicate entry 'https://www.notino.it/profumi-uomo/?f=5-1-55544-55549' for key 'unique_1' for query: INSERT INTO websites_pages_aggregates (website_id, url, html, is_done, is_deleted, has_error) VALUES ( 1, 'https://www.notino.it/profumi-uomo/?f=5-1-55544-55549', NULL, False, False, False )
2020-05-17 22:37:38.930 +02:00 [ERR] Duplicate entry 'https://www.notino.it/profumi-uomo/?f=7-1-55544-55549' for key 'unique_1' for query: INSERT INTO websites_pages_aggregates (website_id, url, html, is_done, is_deleted, has_error) VALUES ( 1, 'https://www.notino.it/profumi-uomo/?f=7-1-55544-55549', NULL, False, False, False )
2020-05-17 22:37:40.392 +02:00 [ERR] Duplicate entry 'https://www.notino.it/profumi-uomo/?f=6-1-55544-55549' for key 'unique_1' for query: INSERT INTO websites_pages_aggregates (website_id, url, html, is_done, is_deleted, has_error) VALUES ( 1, 'https://www.notino.it/profumi-uomo/?f=6-1-55544-55549', NULL, False, False, False )
2020-05-17 22:37:41.755 +02:00 [ERR] Duplicate entry 'https://www.notino.it/profumi-uomo/?f=115-1-55544-55549' for key 'unique_1' for query: INSERT INTO websites_pages_aggregates (website_id, url, html, is_done, is_deleted, has_error) VALUES ( 1, 'https://www.notino.it/profumi-uomo/?f=115-1-55544-55549', NULL, False, False, False )
2020-05-17 22:37:43.135 +02:00 [ERR] Duplicate entry 'https://www.notino.it/profumi-uomo/?f=4-1-55544-55549' for key 'unique_1' for query: INSERT INTO websites_pages_aggregates (website_id, url, html, is_done, is_deleted, has_error) VALUES ( 1, 'https://www.notino.it/profumi-uomo/?f=4-1-55544-55549', NULL, False, False, False )
2020-05-17 22:37:47.917 +02:00 [INF] ------DRIVER DISPOSED CORRECTLY------
2020-05-17 22:37:49.110 +02:00 [ERR] Duplicate entry 'https://www.notino.it/profumi-uomo/?f=6-1-55544-55549' for key 'unique_1' for query: INSERT INTO websites_pages_aggregates (website_id, url, html, is_done, is_deleted, has_error) VALUES ( 1, 'https://www.notino.it/profumi-uomo/?f=6-1-55544-55549', NULL, False, False, False )
2020-05-17 22:37:50.575 +02:00 [ERR] Duplicate entry 'https://www.notino.it/profumi-uomo/?f=8-1-55544-55549' for key 'unique_1' for query: INSERT INTO websites_pages_aggregates (website_id, url, html, is_done, is_deleted, has_error) VALUES ( 1, 'https://www.notino.it/profumi-uomo/?f=8-1-55544-55549', NULL, False, False, False )
2020-05-17 22:37:52.549 +02:00 [ERR] Duplicate entry 'https://www.notino.it/profumi-uomo/?f=7-1-55544-55549' for key 'unique_1' for query: INSERT INTO websites_pages_aggregates (website_id, url, html, is_done, is_deleted, has_error) VALUES ( 1, 'https://www.notino.it/profumi-uomo/?f=7-1-55544-55549', NULL, False, False, False )
2020-05-17 22:37:54.008 +02:00 [ERR] Duplicate entry 'https://www.notino.it/profumi-uomo/?f=115-1-55544-55549' for key 'unique_1' for query: INSERT INTO websites_pages_aggregates (website_id, url, html, is_done, is_deleted, has_error) VALUES ( 1, 'https://www.notino.it/profumi-uomo/?f=115-1-55544-55549', NULL, False, False, False )
2020-05-17 22:37:55.695 +02:00 [ERR] Duplicate entry 'https://www.notino.it/profumi-uomo/?f=5-1-55544-55549' for key 'unique_1' for query: INSERT INTO websites_pages_aggregates (website_id, url, html, is_done, is_deleted, has_error) VALUES ( 1, 'https://www.notino.it/profumi-uomo/?f=5-1-55544-55549', NULL, False, False, False )
2020-05-17 22:38:00.557 +02:00 [INF] ------DRIVER DISPOSED CORRECTLY------
2020-05-17 22:38:01.041 +02:00 [ERR] Duplicate entry 'https://www.notino.it/profumi-uomo/?f=112-1-55544-55549' for key 'unique_1' for query: INSERT INTO websites_pages_aggregates (website_id, url, html, is_done, is_deleted, has_error) VALUES ( 1, 'https://www.notino.it/profumi-uomo/?f=112-1-55544-55549', NULL, False, False, False )
2020-05-17 22:38:03.187 +02:00 [ERR] Duplicate entry 'https://www.notino.it/profumi-uomo/?f=114-1-55544-55549' for key 'unique_1' for query: INSERT INTO websites_pages_aggregates (website_id, url, html, is_done, is_deleted, has_error) VALUES ( 1, 'https://www.notino.it/profumi-uomo/?f=114-1-55544-55549', NULL, False, False, False )
2020-05-17 22:38:04.781 +02:00 [ERR] Duplicate entry 'https://www.notino.it/profumi-uomo/?f=113-1-55544-55549' for key 'unique_1' for query: INSERT INTO websites_pages_aggregates (website_id, url, html, is_done, is_deleted, has_error) VALUES ( 1, 'https://www.notino.it/profumi-uomo/?f=113-1-55544-55549', NULL, False, False, False )
2020-05-17 22:38:06.387 +02:00 [ERR] Duplicate entry 'https://www.notino.it/profumi-uomo/?f=115-1-55544-55549' for key 'unique_1' for query: INSERT INTO websites_pages_aggregates (website_id, url, html, is_done, is_deleted, has_error) VALUES ( 1, 'https://www.notino.it/profumi-uomo/?f=115-1-55544-55549', NULL, False, False, False )
2020-05-17 22:38:08.118 +02:00 [ERR] Duplicate entry 'https://www.notino.it/profumi-uomo/?f=111-1-55544-55549' for key 'unique_1' for query: INSERT INTO websites_pages_aggregates (website_id, url, html, is_done, is_deleted, has_error) VALUES ( 1, 'https://www.notino.it/profumi-uomo/?f=111-1-55544-55549', NULL, False, False, False )
2020-05-17 22:38:08.708 +02:00 [INF] ------DRIVER DISPOSED CORRECTLY------
2020-05-17 22:38:11.542 +02:00 [INF] ------DRIVER DISPOSED CORRECTLY------
2020-05-17 22:38:12.440 +02:00 [ERR] Duplicate entry 'https://www.notino.it/profumi-uomo/?f=111-1-55544-55549' for key 'unique_1' for query: INSERT INTO websites_pages_aggregates (website_id, url, html, is_done, is_deleted, has_error) VALUES ( 1, 'https://www.notino.it/profumi-uomo/?f=111-1-55544-55549', NULL, False, False, False )
2020-05-17 22:38:13.732 +02:00 [ERR] Duplicate entry 'https://www.notino.it/profumi-uomo/?f=113-1-55544-55549' for key 'unique_1' for query: INSERT INTO websites_pages_aggregates (website_id, url, html, is_done, is_deleted, has_error) VALUES ( 1, 'https://www.notino.it/profumi-uomo/?f=113-1-55544-55549', NULL, False, False, False )
2020-05-17 22:38:14.986 +02:00 [ERR] Duplicate entry 'https://www.notino.it/profumi-uomo/?f=112-1-55544-55549' for key 'unique_1' for query: INSERT INTO websites_pages_aggregates (website_id, url, html, is_done, is_deleted, has_error) VALUES ( 1, 'https://www.notino.it/profumi-uomo/?f=112-1-55544-55549', NULL, False, False, False )
2020-05-17 22:38:16.258 +02:00 [ERR] Duplicate entry 'https://www.notino.it/profumi-uomo/?f=115-1-55544-55549' for key 'unique_1' for query: INSERT INTO websites_pages_aggregates (website_id, url, html, is_done, is_deleted, has_error) VALUES ( 1, 'https://www.notino.it/profumi-uomo/?f=115-1-55544-55549', NULL, False, False, False )
2020-05-17 22:38:18.763 +02:00 [ERR] Duplicate entry 'https://www.notino.it/profumi-uomo/?f=114-1-55544-55549' for key 'unique_1' for query: INSERT INTO websites_pages_aggregates (website_id, url, html, is_done, is_deleted, has_error) VALUES ( 1, 'https://www.notino.it/profumi-uomo/?f=114-1-55544-55549', NULL, False, False, False )
2020-05-17 22:38:21.972 +02:00 [INF] ------DRIVER DISPOSED CORRECTLY------
2020-05-17 22:38:26.289 +02:00 [ERR] Duplicate entry 'https://www.notino.it/profumi-uomo/?f=7-1-55544-55549' for key 'unique_1' for query: INSERT INTO websites_pages_aggregates (website_id, url, html, is_done, is_deleted, has_error) VALUES ( 1, 'https://www.notino.it/profumi-uomo/?f=7-1-55544-55549', NULL, False, False, False )
2020-05-17 22:38:27.546 +02:00 [ERR] Duplicate entry 'https://www.notino.it/profumi-uomo/?f=9-1-55544-55549' for key 'unique_1' for query: INSERT INTO websites_pages_aggregates (website_id, url, html, is_done, is_deleted, has_error) VALUES ( 1, 'https://www.notino.it/profumi-uomo/?f=9-1-55544-55549', NULL, False, False, False )
2020-05-17 22:38:28.841 +02:00 [ERR] Duplicate entry 'https://www.notino.it/profumi-uomo/?f=8-1-55544-55549' for key 'unique_1' for query: INSERT INTO websites_pages_aggregates (website_id, url, html, is_done, is_deleted, has_error) VALUES ( 1, 'https://www.notino.it/profumi-uomo/?f=8-1-55544-55549', NULL, False, False, False )
2020-05-17 22:38:30.077 +02:00 [ERR] Duplicate entry 'https://www.notino.it/profumi-uomo/?f=115-1-55544-55549' for key 'unique_1' for query: INSERT INTO websites_pages_aggregates (website_id, url, html, is_done, is_deleted, has_error) VALUES ( 1, 'https://www.notino.it/profumi-uomo/?f=115-1-55544-55549', NULL, False, False, False )
2020-05-17 22:38:31.370 +02:00 [ERR] Duplicate entry 'https://www.notino.it/profumi-uomo/?f=6-1-55544-55549' for key 'unique_1' for query: INSERT INTO websites_pages_aggregates (website_id, url, html, is_done, is_deleted, has_error) VALUES ( 1, 'https://www.notino.it/profumi-uomo/?f=6-1-55544-55549', NULL, False, False, False )
2020-05-17 22:38:35.572 +02:00 [INF] ------DRIVER DISPOSED CORRECTLY------
2020-05-17 22:41:02.319 +02:00 [INF] Start aggregates procedure
2020-05-17 22:42:35.350 +02:00 [ERR] Fatal exception
System.NullReferenceException: Object reference not set to an instance of an object.
   at Middle_Notes.Saver.Program.<>c__DisplayClass2_1.<<SaveWebPages>b__0>d.MoveNext() in C:\Users\Davide\Documents\GitHub\middle-notes.saver\Middle-Notes.Saver\Middle-Notes.Saver\Program.cs:line 165
--- End of stack trace from previous location where exception was thrown ---
   at Middle_Notes.Saver.Program.SaveWebPages(Website website, SavingOptions options, WebPagesAggregatesRepository war, WebPagesMastersRepository wmr, String arg) in C:\Users\Davide\Documents\GitHub\middle-notes.saver\Middle-Notes.Saver\Middle-Notes.Saver\Program.cs:line 221
   at Middle_Notes.Saver.Program.Main(String[] args) in C:\Users\Davide\Documents\GitHub\middle-notes.saver\Middle-Notes.Saver\Middle-Notes.Saver\Program.cs:line 56
   at Middle_Notes.Saver.Program.<Main>(String[] args)
2020-05-17 22:44:11.668 +02:00 [INF] Start aggregates procedure
2020-05-17 22:46:37.471 +02:00 [INF] Start aggregates procedure
2020-05-17 22:48:33.934 +02:00 [INF] Start aggregates procedure
2020-05-17 22:49:10.107 +02:00 [ERR] Duplicate entry 'https://www.notino.it/profumi-uomo/?f=113-1-55544-55549' for key 'unique_1' for query: INSERT INTO websites_pages_aggregates (website_id, url, html, is_done, is_deleted, has_error) VALUES ( 1, 'https://www.notino.it/profumi-uomo/?f=113-1-55544-55549', NULL, False, False, False )
2020-05-17 22:49:11.597 +02:00 [ERR] Duplicate entry 'https://www.notino.it/profumi-uomo/?f=115-1-55544-55549' for key 'unique_1' for query: INSERT INTO websites_pages_aggregates (website_id, url, html, is_done, is_deleted, has_error) VALUES ( 1, 'https://www.notino.it/profumi-uomo/?f=115-1-55544-55549', NULL, False, False, False )
2020-05-17 22:49:12.899 +02:00 [ERR] Duplicate entry 'https://www.notino.it/profumi-uomo/?f=114-1-55544-55549' for key 'unique_1' for query: INSERT INTO websites_pages_aggregates (website_id, url, html, is_done, is_deleted, has_error) VALUES ( 1, 'https://www.notino.it/profumi-uomo/?f=114-1-55544-55549', NULL, False, False, False )
2020-05-17 22:49:14.190 +02:00 [ERR] Duplicate entry 'https://www.notino.it/profumi-uomo/?f=111-1-55544-55549' for key 'unique_1' for query: INSERT INTO websites_pages_aggregates (website_id, url, html, is_done, is_deleted, has_error) VALUES ( 1, 'https://www.notino.it/profumi-uomo/?f=111-1-55544-55549', NULL, False, False, False )
2020-05-17 22:49:15.477 +02:00 [ERR] Duplicate entry 'https://www.notino.it/profumi-uomo/?f=112-1-55544-55549' for key 'unique_1' for query: INSERT INTO websites_pages_aggregates (website_id, url, html, is_done, is_deleted, has_error) VALUES ( 1, 'https://www.notino.it/profumi-uomo/?f=112-1-55544-55549', NULL, False, False, False )
2020-05-17 22:49:19.400 +02:00 [ERR] Duplicate entry 'https://www.notino.it/profumi-uomo/?f=110-1-55544-55549' for key 'unique_1' for query: INSERT INTO websites_pages_aggregates (website_id, url, html, is_done, is_deleted, has_error) VALUES ( 1, 'https://www.notino.it/profumi-uomo/?f=110-1-55544-55549', NULL, False, False, False )
2020-05-17 22:49:27.034 +02:00 [INF] ------DRIVER DISPOSED CORRECTLY------
2020-05-17 22:49:28.013 +02:00 [ERR] Duplicate entry 'https://www.notino.it/profumi-uomo/?f=112-1-55544-55549' for key 'unique_1' for query: INSERT INTO websites_pages_aggregates (website_id, url, html, is_done, is_deleted, has_error) VALUES ( 1, 'https://www.notino.it/profumi-uomo/?f=112-1-55544-55549', NULL, False, False, False )
2020-05-17 22:49:29.269 +02:00 [ERR] Duplicate entry 'https://www.notino.it/profumi-uomo/?f=111-1-55544-55549' for key 'unique_1' for query: INSERT INTO websites_pages_aggregates (website_id, url, html, is_done, is_deleted, has_error) VALUES ( 1, 'https://www.notino.it/profumi-uomo/?f=111-1-55544-55549', NULL, False, False, False )
2020-05-17 22:49:30.483 +02:00 [ERR] Duplicate entry 'https://www.notino.it/profumi-uomo/?f=115-1-55544-55549' for key 'unique_1' for query: INSERT INTO websites_pages_aggregates (website_id, url, html, is_done, is_deleted, has_error) VALUES ( 1, 'https://www.notino.it/profumi-uomo/?f=115-1-55544-55549', NULL, False, False, False )
2020-05-17 22:49:32.167 +02:00 [INF] ------DRIVER DISPOSED CORRECTLY------
2020-05-17 22:50:30.129 +02:00 [INF] Start aggregates procedure
2020-05-17 22:51:00.078 +02:00 [ERR] Duplicate entry 'https://www.notino.it/profumi-uomo/?f=8-1-55544-55549' for key 'unique_1' for query: INSERT INTO websites_pages_aggregates (website_id, url, html, is_done, is_deleted, has_error) VALUES ( 1, 'https://www.notino.it/profumi-uomo/?f=8-1-55544-55549', NULL, False, False, False )
2020-05-17 22:51:01.277 +02:00 [ERR] Duplicate entry 'https://www.notino.it/profumi-uomo/?f=10-1-55544-55549' for key 'unique_1' for query: INSERT INTO websites_pages_aggregates (website_id, url, html, is_done, is_deleted, has_error) VALUES ( 1, 'https://www.notino.it/profumi-uomo/?f=10-1-55544-55549', NULL, False, False, False )
2020-05-17 22:51:02.471 +02:00 [ERR] Duplicate entry 'https://www.notino.it/profumi-uomo/?f=9-1-55544-55549' for key 'unique_1' for query: INSERT INTO websites_pages_aggregates (website_id, url, html, is_done, is_deleted, has_error) VALUES ( 1, 'https://www.notino.it/profumi-uomo/?f=9-1-55544-55549', NULL, False, False, False )
2020-05-17 22:51:03.776 +02:00 [ERR] Duplicate entry 'https://www.notino.it/profumi-uomo/?f=115-1-55544-55549' for key 'unique_1' for query: INSERT INTO websites_pages_aggregates (website_id, url, html, is_done, is_deleted, has_error) VALUES ( 1, 'https://www.notino.it/profumi-uomo/?f=115-1-55544-55549', NULL, False, False, False )
2020-05-17 22:51:44.892 +02:00 [INF] ------DRIVER DISPOSED CORRECTLY------
2020-05-17 22:51:44.932 +02:00 [ERR] Duplicate entry 'https://www.notino.it/profumi-uomo/?f=7-1-55544-55549' for key 'unique_1' for query: INSERT INTO websites_pages_aggregates (website_id, url, html, is_done, is_deleted, has_error) VALUES ( 1, 'https://www.notino.it/profumi-uomo/?f=7-1-55544-55549', NULL, False, False, False )
2020-05-17 22:51:49.965 +02:00 [INF] ------DRIVER DISPOSED CORRECTLY------
2020-05-17 22:51:52.871 +02:00 [ERR] Duplicate entry 'https://www.notino.it/profumi-uomo/?f=111-1-55544-55549' for key 'unique_1' for query: INSERT INTO websites_pages_aggregates (website_id, url, html, is_done, is_deleted, has_error) VALUES ( 1, 'https://www.notino.it/profumi-uomo/?f=111-1-55544-55549', NULL, False, False, False )
2020-05-17 22:51:54.444 +02:00 [ERR] Duplicate entry 'https://www.notino.it/profumi-uomo/?f=110-1-55544-55549' for key 'unique_1' for query: INSERT INTO websites_pages_aggregates (website_id, url, html, is_done, is_deleted, has_error) VALUES ( 1, 'https://www.notino.it/profumi-uomo/?f=110-1-55544-55549', NULL, False, False, False )
2020-05-17 22:51:56.060 +02:00 [ERR] Duplicate entry 'https://www.notino.it/profumi-uomo/?f=115-1-55544-55549' for key 'unique_1' for query: INSERT INTO websites_pages_aggregates (website_id, url, html, is_done, is_deleted, has_error) VALUES ( 1, 'https://www.notino.it/profumi-uomo/?f=115-1-55544-55549', NULL, False, False, False )
2020-05-17 22:51:58.861 +02:00 [ERR] Duplicate entry 'https://www.notino.it/profumi-uomo/?f=112-1-55544-55549' for key 'unique_1' for query: INSERT INTO websites_pages_aggregates (website_id, url, html, is_done, is_deleted, has_error) VALUES ( 1, 'https://www.notino.it/profumi-uomo/?f=112-1-55544-55549', NULL, False, False, False )
2020-05-17 22:52:03.455 +02:00 [INF] ------DRIVER DISPOSED CORRECTLY------
2020-05-17 22:53:03.358 +02:00 [INF] Start aggregates procedure
2020-05-17 22:53:32.169 +02:00 [ERR] Duplicate entry 'https://www.notino.it/profumi-uomo/?f=9-1-55544-55549' for key 'unique_1' for query: INSERT INTO websites_pages_aggregates (website_id, url, html, is_done, is_deleted, has_error) VALUES ( 1, 'https://www.notino.it/profumi-uomo/?f=9-1-55544-55549', NULL, False, False, False )
2020-05-17 22:53:33.360 +02:00 [ERR] Duplicate entry 'https://www.notino.it/profumi-uomo/?f=11-1-55544-55549' for key 'unique_1' for query: INSERT INTO websites_pages_aggregates (website_id, url, html, is_done, is_deleted, has_error) VALUES ( 1, 'https://www.notino.it/profumi-uomo/?f=11-1-55544-55549', NULL, False, False, False )
2020-05-17 22:53:34.555 +02:00 [ERR] Duplicate entry 'https://www.notino.it/profumi-uomo/?f=10-1-55544-55549' for key 'unique_1' for query: INSERT INTO websites_pages_aggregates (website_id, url, html, is_done, is_deleted, has_error) VALUES ( 1, 'https://www.notino.it/profumi-uomo/?f=10-1-55544-55549', NULL, False, False, False )
2020-05-17 22:53:35.766 +02:00 [ERR] Duplicate entry 'https://www.notino.it/profumi-uomo/?f=115-1-55544-55549' for key 'unique_1' for query: INSERT INTO websites_pages_aggregates (website_id, url, html, is_done, is_deleted, has_error) VALUES ( 1, 'https://www.notino.it/profumi-uomo/?f=115-1-55544-55549', NULL, False, False, False )
2020-05-17 22:53:37.461 +02:00 [ERR] Duplicate entry 'https://www.notino.it/profumi-uomo/?f=8-1-55544-55549' for key 'unique_1' for query: INSERT INTO websites_pages_aggregates (website_id, url, html, is_done, is_deleted, has_error) VALUES ( 1, 'https://www.notino.it/profumi-uomo/?f=8-1-55544-55549', NULL, False, False, False )
2020-05-17 22:53:44.469 +02:00 [ERR] Duplicate entry 'https://www.notino.it/profumi-uomo/?f=109-1-55544-55549' for key 'unique_1' for query: INSERT INTO websites_pages_aggregates (website_id, url, html, is_done, is_deleted, has_error) VALUES ( 1, 'https://www.notino.it/profumi-uomo/?f=109-1-55544-55549', NULL, False, False, False )
2020-05-17 22:53:45.689 +02:00 [ERR] Duplicate entry 'https://www.notino.it/profumi-uomo/?f=111-1-55544-55549' for key 'unique_1' for query: INSERT INTO websites_pages_aggregates (website_id, url, html, is_done, is_deleted, has_error) VALUES ( 1, 'https://www.notino.it/profumi-uomo/?f=111-1-55544-55549', NULL, False, False, False )
2020-05-17 22:53:46.902 +02:00 [ERR] Duplicate entry 'https://www.notino.it/profumi-uomo/?f=110-1-55544-55549' for key 'unique_1' for query: INSERT INTO websites_pages_aggregates (website_id, url, html, is_done, is_deleted, has_error) VALUES ( 1, 'https://www.notino.it/profumi-uomo/?f=110-1-55544-55549', NULL, False, False, False )
2020-05-17 22:53:48.141 +02:00 [ERR] Duplicate entry 'https://www.notino.it/profumi-uomo/?f=115-1-55544-55549' for key 'unique_1' for query: INSERT INTO websites_pages_aggregates (website_id, url, html, is_done, is_deleted, has_error) VALUES ( 1, 'https://www.notino.it/profumi-uomo/?f=115-1-55544-55549', NULL, False, False, False )
2020-05-17 22:53:49.370 +02:00 [ERR] Duplicate entry 'https://www.notino.it/profumi-uomo/?f=108-1-55544-55549' for key 'unique_1' for query: INSERT INTO websites_pages_aggregates (website_id, url, html, is_done, is_deleted, has_error) VALUES ( 1, 'https://www.notino.it/profumi-uomo/?f=108-1-55544-55549', NULL, False, False, False )
2020-05-17 22:53:50.596 +02:00 [ERR] Duplicate entry 'https://www.notino.it/profumi-uomo/?f=112-1-55544-55549' for key 'unique_1' for query: INSERT INTO websites_pages_aggregates (website_id, url, html, is_done, is_deleted, has_error) VALUES ( 1, 'https://www.notino.it/profumi-uomo/?f=112-1-55544-55549', NULL, False, False, False )
2020-05-17 22:53:54.481 +02:00 [ERR] Duplicate entry 'https://www.notino.it/profumi-uomo/?f=112-1-55544-55549' for key 'unique_1' for query: INSERT INTO websites_pages_aggregates (website_id, url, html, is_done, is_deleted, has_error) VALUES ( 1, 'https://www.notino.it/profumi-uomo/?f=112-1-55544-55549', NULL, False, False, False )
2020-05-17 22:54:01.344 +02:00 [INF] ------DRIVER DISPOSED CORRECTLY------
2020-05-17 22:54:01.674 +02:00 [ERR] Duplicate entry 'https://www.notino.it/profumi-uomo/?f=114-1-55544-55549' for key 'unique_1' for query: INSERT INTO websites_pages_aggregates (website_id, url, html, is_done, is_deleted, has_error) VALUES ( 1, 'https://www.notino.it/profumi-uomo/?f=114-1-55544-55549', NULL, False, False, False )
2020-05-17 22:54:03.024 +02:00 [ERR] Duplicate entry 'https://www.notino.it/profumi-uomo/?f=113-1-55544-55549' for key 'unique_1' for query: INSERT INTO websites_pages_aggregates (website_id, url, html, is_done, is_deleted, has_error) VALUES ( 1, 'https://www.notino.it/profumi-uomo/?f=113-1-55544-55549', NULL, False, False, False )
2020-05-17 22:54:04.381 +02:00 [ERR] Duplicate entry 'https://www.notino.it/profumi-uomo/?f=115-1-55544-55549' for key 'unique_1' for query: INSERT INTO websites_pages_aggregates (website_id, url, html, is_done, is_deleted, has_error) VALUES ( 1, 'https://www.notino.it/profumi-uomo/?f=115-1-55544-55549', NULL, False, False, False )
2020-05-17 22:54:05.912 +02:00 [ERR] Duplicate entry 'https://www.notino.it/profumi-uomo/?f=111-1-55544-55549' for key 'unique_1' for query: INSERT INTO websites_pages_aggregates (website_id, url, html, is_done, is_deleted, has_error) VALUES ( 1, 'https://www.notino.it/profumi-uomo/?f=111-1-55544-55549', NULL, False, False, False )
2020-05-17 22:54:12.108 +02:00 [ERR] Duplicate entry 'https://www.notino.it/profumi-uomo/?f=109-1-55544-55549' for key 'unique_1' for query: INSERT INTO websites_pages_aggregates (website_id, url, html, is_done, is_deleted, has_error) VALUES ( 1, 'https://www.notino.it/profumi-uomo/?f=109-1-55544-55549', NULL, False, False, False )
2020-05-17 22:54:13.354 +02:00 [ERR] Duplicate entry 'https://www.notino.it/profumi-uomo/?f=108-1-55544-55549' for key 'unique_1' for query: INSERT INTO websites_pages_aggregates (website_id, url, html, is_done, is_deleted, has_error) VALUES ( 1, 'https://www.notino.it/profumi-uomo/?f=108-1-55544-55549', NULL, False, False, False )
2020-05-17 22:54:14.585 +02:00 [ERR] Duplicate entry 'https://www.notino.it/profumi-uomo/?f=115-1-55544-55549' for key 'unique_1' for query: INSERT INTO websites_pages_aggregates (website_id, url, html, is_done, is_deleted, has_error) VALUES ( 1, 'https://www.notino.it/profumi-uomo/?f=115-1-55544-55549', NULL, False, False, False )
2020-05-17 22:54:17.499 +02:00 [ERR] Duplicate entry 'https://www.notino.it/profumi-uomo/?f=110-1-55544-55549' for key 'unique_1' for query: INSERT INTO websites_pages_aggregates (website_id, url, html, is_done, is_deleted, has_error) VALUES ( 1, 'https://www.notino.it/profumi-uomo/?f=110-1-55544-55549', NULL, False, False, False )
2020-05-17 22:54:21.544 +02:00 [ERR] Duplicate entry 'https://www.notino.it/profumi-uomo/?f=110-1-55544-55549' for key 'unique_1' for query: INSERT INTO websites_pages_aggregates (website_id, url, html, is_done, is_deleted, has_error) VALUES ( 1, 'https://www.notino.it/profumi-uomo/?f=110-1-55544-55549', NULL, False, False, False )
2020-05-17 22:54:22.783 +02:00 [ERR] Duplicate entry 'https://www.notino.it/profumi-uomo/?f=112-1-55544-55549' for key 'unique_1' for query: INSERT INTO websites_pages_aggregates (website_id, url, html, is_done, is_deleted, has_error) VALUES ( 1, 'https://www.notino.it/profumi-uomo/?f=112-1-55544-55549', NULL, False, False, False )
2020-05-17 22:54:23.977 +02:00 [ERR] Duplicate entry 'https://www.notino.it/profumi-uomo/?f=111-1-55544-55549' for key 'unique_1' for query: INSERT INTO websites_pages_aggregates (website_id, url, html, is_done, is_deleted, has_error) VALUES ( 1, 'https://www.notino.it/profumi-uomo/?f=111-1-55544-55549', NULL, False, False, False )
2020-05-17 22:54:25.216 +02:00 [ERR] Duplicate entry 'https://www.notino.it/profumi-uomo/?f=115-1-55544-55549' for key 'unique_1' for query: INSERT INTO websites_pages_aggregates (website_id, url, html, is_done, is_deleted, has_error) VALUES ( 1, 'https://www.notino.it/profumi-uomo/?f=115-1-55544-55549', NULL, False, False, False )
2020-05-17 22:54:26.460 +02:00 [ERR] Duplicate entry 'https://www.notino.it/profumi-uomo/?f=109-1-55544-55549' for key 'unique_1' for query: INSERT INTO websites_pages_aggregates (website_id, url, html, is_done, is_deleted, has_error) VALUES ( 1, 'https://www.notino.it/profumi-uomo/?f=109-1-55544-55549', NULL, False, False, False )
2020-05-17 22:54:27.645 +02:00 [ERR] Duplicate entry 'https://www.notino.it/profumi-uomo/?f=113-1-55544-55549' for key 'unique_1' for query: INSERT INTO websites_pages_aggregates (website_id, url, html, is_done, is_deleted, has_error) VALUES ( 1, 'https://www.notino.it/profumi-uomo/?f=113-1-55544-55549', NULL, False, False, False )
2020-05-17 22:54:31.459 +02:00 [ERR] Duplicate entry 'https://www.notino.it/profumi-uomo/?f=108-1-55544-55549' for key 'unique_1' for query: INSERT INTO websites_pages_aggregates (website_id, url, html, is_done, is_deleted, has_error) VALUES ( 1, 'https://www.notino.it/profumi-uomo/?f=108-1-55544-55549', NULL, False, False, False )
2020-05-17 22:54:32.707 +02:00 [ERR] Duplicate entry 'https://www.notino.it/profumi-uomo/?f=110-1-55544-55549' for key 'unique_1' for query: INSERT INTO websites_pages_aggregates (website_id, url, html, is_done, is_deleted, has_error) VALUES ( 1, 'https://www.notino.it/profumi-uomo/?f=110-1-55544-55549', NULL, False, False, False )
2020-05-17 22:54:33.939 +02:00 [ERR] Duplicate entry 'https://www.notino.it/profumi-uomo/?f=109-1-55544-55549' for key 'unique_1' for query: INSERT INTO websites_pages_aggregates (website_id, url, html, is_done, is_deleted, has_error) VALUES ( 1, 'https://www.notino.it/profumi-uomo/?f=109-1-55544-55549', NULL, False, False, False )
2020-05-17 22:54:35.123 +02:00 [ERR] Duplicate entry 'https://www.notino.it/profumi-uomo/?f=115-1-55544-55549' for key 'unique_1' for query: INSERT INTO websites_pages_aggregates (website_id, url, html, is_done, is_deleted, has_error) VALUES ( 1, 'https://www.notino.it/profumi-uomo/?f=115-1-55544-55549', NULL, False, False, False )
2020-05-17 22:54:36.361 +02:00 [ERR] Duplicate entry 'https://www.notino.it/profumi-uomo/?f=107-1-55544-55549' for key 'unique_1' for query: INSERT INTO websites_pages_aggregates (website_id, url, html, is_done, is_deleted, has_error) VALUES ( 1, 'https://www.notino.it/profumi-uomo/?f=107-1-55544-55549', NULL, False, False, False )
2020-05-17 22:54:37.694 +02:00 [ERR] Duplicate entry 'https://www.notino.it/profumi-uomo/?f=111-1-55544-55549' for key 'unique_1' for query: INSERT INTO websites_pages_aggregates (website_id, url, html, is_done, is_deleted, has_error) VALUES ( 1, 'https://www.notino.it/profumi-uomo/?f=111-1-55544-55549', NULL, False, False, False )
2020-05-17 22:54:41.271 +02:00 [ERR] Duplicate entry 'https://www.notino.it/profumi-uomo/?f=111-1-55544-55549' for key 'unique_1' for query: INSERT INTO websites_pages_aggregates (website_id, url, html, is_done, is_deleted, has_error) VALUES ( 1, 'https://www.notino.it/profumi-uomo/?f=111-1-55544-55549', NULL, False, False, False )
2020-05-17 22:54:42.580 +02:00 [ERR] Duplicate entry 'https://www.notino.it/profumi-uomo/?f=113-1-55544-55549' for key 'unique_1' for query: INSERT INTO websites_pages_aggregates (website_id, url, html, is_done, is_deleted, has_error) VALUES ( 1, 'https://www.notino.it/profumi-uomo/?f=113-1-55544-55549', NULL, False, False, False )
2020-05-17 22:54:44.013 +02:00 [ERR] Duplicate entry 'https://www.notino.it/profumi-uomo/?f=112-1-55544-55549' for key 'unique_1' for query: INSERT INTO websites_pages_aggregates (website_id, url, html, is_done, is_deleted, has_error) VALUES ( 1, 'https://www.notino.it/profumi-uomo/?f=112-1-55544-55549', NULL, False, False, False )
2020-05-17 22:54:45.516 +02:00 [ERR] Duplicate entry 'https://www.notino.it/profumi-uomo/?f=115-1-55544-55549' for key 'unique_1' for query: INSERT INTO websites_pages_aggregates (website_id, url, html, is_done, is_deleted, has_error) VALUES ( 1, 'https://www.notino.it/profumi-uomo/?f=115-1-55544-55549', NULL, False, False, False )
2020-05-17 22:54:46.849 +02:00 [ERR] Duplicate entry 'https://www.notino.it/profumi-uomo/?f=110-1-55544-55549' for key 'unique_1' for query: INSERT INTO websites_pages_aggregates (website_id, url, html, is_done, is_deleted, has_error) VALUES ( 1, 'https://www.notino.it/profumi-uomo/?f=110-1-55544-55549', NULL, False, False, False )
2020-05-17 22:54:48.221 +02:00 [ERR] Duplicate entry 'https://www.notino.it/profumi-uomo/?f=114-1-55544-55549' for key 'unique_1' for query: INSERT INTO websites_pages_aggregates (website_id, url, html, is_done, is_deleted, has_error) VALUES ( 1, 'https://www.notino.it/profumi-uomo/?f=114-1-55544-55549', NULL, False, False, False )
2020-05-17 22:54:52.929 +02:00 [ERR] Duplicate entry 'https://www.notino.it/profumi-uomo/?f=10-1-55544-55549' for key 'unique_1' for query: INSERT INTO websites_pages_aggregates (website_id, url, html, is_done, is_deleted, has_error) VALUES ( 1, 'https://www.notino.it/profumi-uomo/?f=10-1-55544-55549', NULL, False, False, False )
2020-05-17 22:54:54.304 +02:00 [ERR] Duplicate entry 'https://www.notino.it/profumi-uomo/?f=12-1-55544-55549' for key 'unique_1' for query: INSERT INTO websites_pages_aggregates (website_id, url, html, is_done, is_deleted, has_error) VALUES ( 1, 'https://www.notino.it/profumi-uomo/?f=12-1-55544-55549', NULL, False, False, False )
2020-05-17 22:54:55.551 +02:00 [ERR] Duplicate entry 'https://www.notino.it/profumi-uomo/?f=11-1-55544-55549' for key 'unique_1' for query: INSERT INTO websites_pages_aggregates (website_id, url, html, is_done, is_deleted, has_error) VALUES ( 1, 'https://www.notino.it/profumi-uomo/?f=11-1-55544-55549', NULL, False, False, False )
2020-05-17 22:54:56.800 +02:00 [ERR] Duplicate entry 'https://www.notino.it/profumi-uomo/?f=115-1-55544-55549' for key 'unique_1' for query: INSERT INTO websites_pages_aggregates (website_id, url, html, is_done, is_deleted, has_error) VALUES ( 1, 'https://www.notino.it/profumi-uomo/?f=115-1-55544-55549', NULL, False, False, False )
2020-05-17 22:54:58.036 +02:00 [ERR] Duplicate entry 'https://www.notino.it/profumi-uomo/?f=9-1-55544-55549' for key 'unique_1' for query: INSERT INTO websites_pages_aggregates (website_id, url, html, is_done, is_deleted, has_error) VALUES ( 1, 'https://www.notino.it/profumi-uomo/?f=9-1-55544-55549', NULL, False, False, False )
2020-05-17 22:55:02.407 +02:00 [INF] ------DRIVER DISPOSED CORRECTLY------
2020-05-17 22:55:02.843 +02:00 [ERR] Duplicate entry 'https://www.notino.it/profumi-uomo/?f=7-1-55544-55549' for key 'unique_1' for query: INSERT INTO websites_pages_aggregates (website_id, url, html, is_done, is_deleted, has_error) VALUES ( 1, 'https://www.notino.it/profumi-uomo/?f=7-1-55544-55549', NULL, False, False, False )
2020-05-17 22:55:04.171 +02:00 [ERR] Duplicate entry 'https://www.notino.it/profumi-uomo/?f=9-1-55544-55549' for key 'unique_1' for query: INSERT INTO websites_pages_aggregates (website_id, url, html, is_done, is_deleted, has_error) VALUES ( 1, 'https://www.notino.it/profumi-uomo/?f=9-1-55544-55549', NULL, False, False, False )
2020-05-17 22:55:05.418 +02:00 [ERR] Duplicate entry 'https://www.notino.it/profumi-uomo/?f=8-1-55544-55549' for key 'unique_1' for query: INSERT INTO websites_pages_aggregates (website_id, url, html, is_done, is_deleted, has_error) VALUES ( 1, 'https://www.notino.it/profumi-uomo/?f=8-1-55544-55549', NULL, False, False, False )
2020-05-17 22:55:07.036 +02:00 [ERR] Duplicate entry 'https://www.notino.it/profumi-uomo/?f=115-1-55544-55549' for key 'unique_1' for query: INSERT INTO websites_pages_aggregates (website_id, url, html, is_done, is_deleted, has_error) VALUES ( 1, 'https://www.notino.it/profumi-uomo/?f=115-1-55544-55549', NULL, False, False, False )
2020-05-17 22:55:09.889 +02:00 [ERR] Duplicate entry 'https://www.notino.it/profumi-uomo/?f=6-1-55544-55549' for key 'unique_1' for query: INSERT INTO websites_pages_aggregates (website_id, url, html, is_done, is_deleted, has_error) VALUES ( 1, 'https://www.notino.it/profumi-uomo/?f=6-1-55544-55549', NULL, False, False, False )
2020-05-17 22:55:11.174 +02:00 [ERR] Duplicate entry 'https://www.notino.it/profumi-uomo/?f=10-1-55544-55549' for key 'unique_1' for query: INSERT INTO websites_pages_aggregates (website_id, url, html, is_done, is_deleted, has_error) VALUES ( 1, 'https://www.notino.it/profumi-uomo/?f=10-1-55544-55549', NULL, False, False, False )
2020-05-17 22:55:14.429 +02:00 [INF] ------DRIVER DISPOSED CORRECTLY------
2020-05-17 22:55:14.550 +02:00 [ERR] Duplicate entry 'https://www.notino.it/profumi-uomo/?f=110-1-55544-55549' for key 'unique_1' for query: INSERT INTO websites_pages_aggregates (website_id, url, html, is_done, is_deleted, has_error) VALUES ( 1, 'https://www.notino.it/profumi-uomo/?f=110-1-55544-55549', NULL, False, False, False )
2020-05-17 22:55:15.837 +02:00 [ERR] Duplicate entry 'https://www.notino.it/profumi-uomo/?f=112-1-55544-55549' for key 'unique_1' for query: INSERT INTO websites_pages_aggregates (website_id, url, html, is_done, is_deleted, has_error) VALUES ( 1, 'https://www.notino.it/profumi-uomo/?f=112-1-55544-55549', NULL, False, False, False )
2020-05-17 22:55:17.027 +02:00 [ERR] Duplicate entry 'https://www.notino.it/profumi-uomo/?f=111-1-55544-55549' for key 'unique_1' for query: INSERT INTO websites_pages_aggregates (website_id, url, html, is_done, is_deleted, has_error) VALUES ( 1, 'https://www.notino.it/profumi-uomo/?f=111-1-55544-55549', NULL, False, False, False )
2020-05-17 22:55:18.287 +02:00 [ERR] Duplicate entry 'https://www.notino.it/profumi-uomo/?f=115-1-55544-55549' for key 'unique_1' for query: INSERT INTO websites_pages_aggregates (website_id, url, html, is_done, is_deleted, has_error) VALUES ( 1, 'https://www.notino.it/profumi-uomo/?f=115-1-55544-55549', NULL, False, False, False )
2020-05-17 22:55:19.581 +02:00 [ERR] Duplicate entry 'https://www.notino.it/profumi-uomo/?f=109-1-55544-55549' for key 'unique_1' for query: INSERT INTO websites_pages_aggregates (website_id, url, html, is_done, is_deleted, has_error) VALUES ( 1, 'https://www.notino.it/profumi-uomo/?f=109-1-55544-55549', NULL, False, False, False )
2020-05-17 22:55:20.790 +02:00 [ERR] Duplicate entry 'https://www.notino.it/profumi-uomo/?f=113-1-55544-55549' for key 'unique_1' for query: INSERT INTO websites_pages_aggregates (website_id, url, html, is_done, is_deleted, has_error) VALUES ( 1, 'https://www.notino.it/profumi-uomo/?f=113-1-55544-55549', NULL, False, False, False )
2020-05-17 22:55:33.834 +02:00 [ERR] Duplicate entry 'https://www.notino.it/profumi-uomo/?f=111-1-55544-55549' for key 'unique_1' for query: INSERT INTO websites_pages_aggregates (website_id, url, html, is_done, is_deleted, has_error) VALUES ( 1, 'https://www.notino.it/profumi-uomo/?f=111-1-55544-55549', NULL, False, False, False )
2020-05-17 22:55:35.059 +02:00 [ERR] Duplicate entry 'https://www.notino.it/profumi-uomo/?f=113-1-55544-55549' for key 'unique_1' for query: INSERT INTO websites_pages_aggregates (website_id, url, html, is_done, is_deleted, has_error) VALUES ( 1, 'https://www.notino.it/profumi-uomo/?f=113-1-55544-55549', NULL, False, False, False )
2020-05-17 22:55:36.377 +02:00 [ERR] Duplicate entry 'https://www.notino.it/profumi-uomo/?f=112-1-55544-55549' for key 'unique_1' for query: INSERT INTO websites_pages_aggregates (website_id, url, html, is_done, is_deleted, has_error) VALUES ( 1, 'https://www.notino.it/profumi-uomo/?f=112-1-55544-55549', NULL, False, False, False )
2020-05-17 22:55:37.562 +02:00 [ERR] Duplicate entry 'https://www.notino.it/profumi-uomo/?f=115-1-55544-55549' for key 'unique_1' for query: INSERT INTO websites_pages_aggregates (website_id, url, html, is_done, is_deleted, has_error) VALUES ( 1, 'https://www.notino.it/profumi-uomo/?f=115-1-55544-55549', NULL, False, False, False )
2020-05-17 22:55:38.826 +02:00 [ERR] Duplicate entry 'https://www.notino.it/profumi-uomo/?f=110-1-55544-55549' for key 'unique_1' for query: INSERT INTO websites_pages_aggregates (website_id, url, html, is_done, is_deleted, has_error) VALUES ( 1, 'https://www.notino.it/profumi-uomo/?f=110-1-55544-55549', NULL, False, False, False )
2020-05-17 22:55:40.097 +02:00 [ERR] Duplicate entry 'https://www.notino.it/profumi-uomo/?f=114-1-55544-55549' for key 'unique_1' for query: INSERT INTO websites_pages_aggregates (website_id, url, html, is_done, is_deleted, has_error) VALUES ( 1, 'https://www.notino.it/profumi-uomo/?f=114-1-55544-55549', NULL, False, False, False )
2020-05-17 22:55:53.016 +02:00 [ERR] Duplicate entry 'https://www.notino.it/profumi-uomo/?f=112-1-55544-55549' for key 'unique_1' for query: INSERT INTO websites_pages_aggregates (website_id, url, html, is_done, is_deleted, has_error) VALUES ( 1, 'https://www.notino.it/profumi-uomo/?f=112-1-55544-55549', NULL, False, False, False )
2020-05-17 22:55:54.257 +02:00 [ERR] Duplicate entry 'https://www.notino.it/profumi-uomo/?f=114-1-55544-55549' for key 'unique_1' for query: INSERT INTO websites_pages_aggregates (website_id, url, html, is_done, is_deleted, has_error) VALUES ( 1, 'https://www.notino.it/profumi-uomo/?f=114-1-55544-55549', NULL, False, False, False )
2020-05-17 22:55:55.464 +02:00 [ERR] Duplicate entry 'https://www.notino.it/profumi-uomo/?f=113-1-55544-55549' for key 'unique_1' for query: INSERT INTO websites_pages_aggregates (website_id, url, html, is_done, is_deleted, has_error) VALUES ( 1, 'https://www.notino.it/profumi-uomo/?f=113-1-55544-55549', NULL, False, False, False )
2020-05-17 22:55:56.811 +02:00 [ERR] Duplicate entry 'https://www.notino.it/profumi-uomo/?f=115-1-55544-55549' for key 'unique_1' for query: INSERT INTO websites_pages_aggregates (website_id, url, html, is_done, is_deleted, has_error) VALUES ( 1, 'https://www.notino.it/profumi-uomo/?f=115-1-55544-55549', NULL, False, False, False )
2020-05-17 22:55:58.007 +02:00 [ERR] Duplicate entry 'https://www.notino.it/profumi-uomo/?f=111-1-55544-55549' for key 'unique_1' for query: INSERT INTO websites_pages_aggregates (website_id, url, html, is_done, is_deleted, has_error) VALUES ( 1, 'https://www.notino.it/profumi-uomo/?f=111-1-55544-55549', NULL, False, False, False )
2020-05-17 22:56:00.794 +02:00 [INF] ------DRIVER DISPOSED CORRECTLY------
2020-05-17 22:56:17.155 +02:00 [INF] Start aggregates procedure
2020-05-17 22:56:45.488 +02:00 [ERR] Duplicate entry 'https://www.notino.it/profumi-uomo/?f=2-1-55544-55549' for key 'unique_1' for query: INSERT INTO websites_pages_aggregates (website_id, url, html, is_done, is_deleted, has_error) VALUES ( 1, 'https://www.notino.it/profumi-uomo/?f=2-1-55544-55549', NULL, False, False, False )
2020-05-17 22:56:46.680 +02:00 [ERR] Duplicate entry 'https://www.notino.it/profumi-uomo/?f=4-1-55544-55549' for key 'unique_1' for query: INSERT INTO websites_pages_aggregates (website_id, url, html, is_done, is_deleted, has_error) VALUES ( 1, 'https://www.notino.it/profumi-uomo/?f=4-1-55544-55549', NULL, False, False, False )
2020-05-17 22:56:47.905 +02:00 [ERR] Duplicate entry 'https://www.notino.it/profumi-uomo/?f=3-1-55544-55549' for key 'unique_1' for query: INSERT INTO websites_pages_aggregates (website_id, url, html, is_done, is_deleted, has_error) VALUES ( 1, 'https://www.notino.it/profumi-uomo/?f=3-1-55544-55549', NULL, False, False, False )
2020-05-17 22:56:49.064 +02:00 [ERR] Duplicate entry 'https://www.notino.it/profumi-uomo/?f=115-1-55544-55549' for key 'unique_1' for query: INSERT INTO websites_pages_aggregates (website_id, url, html, is_done, is_deleted, has_error) VALUES ( 1, 'https://www.notino.it/profumi-uomo/?f=115-1-55544-55549', NULL, False, False, False )
2020-05-17 22:56:50.227 +02:00 [ERR] Duplicate entry 'https://www.notino.it/profumi-uomo/?f=5-1-55544-55549' for key 'unique_1' for query: INSERT INTO websites_pages_aggregates (website_id, url, html, is_done, is_deleted, has_error) VALUES ( 1, 'https://www.notino.it/profumi-uomo/?f=5-1-55544-55549', NULL, False, False, False )
2020-05-17 22:56:55.471 +02:00 [ERR] Duplicate entry 'https://www.notino.it/profumi-uomo/?f=114-1-55544-55549' for key 'unique_1' for query: INSERT INTO websites_pages_aggregates (website_id, url, html, is_done, is_deleted, has_error) VALUES ( 1, 'https://www.notino.it/profumi-uomo/?f=114-1-55544-55549', NULL, False, False, False )
2020-05-17 22:56:56.657 +02:00 [ERR] Duplicate entry 'https://www.notino.it/profumi-uomo/?f=115-1-55544-55549' for key 'unique_1' for query: INSERT INTO websites_pages_aggregates (website_id, url, html, is_done, is_deleted, has_error) VALUES ( 1, 'https://www.notino.it/profumi-uomo/?f=115-1-55544-55549', NULL, False, False, False )
2020-05-17 22:56:57.833 +02:00 [ERR] Duplicate entry 'https://www.notino.it/profumi-uomo/?f=113-1-55544-55549' for key 'unique_1' for query: INSERT INTO websites_pages_aggregates (website_id, url, html, is_done, is_deleted, has_error) VALUES ( 1, 'https://www.notino.it/profumi-uomo/?f=113-1-55544-55549', NULL, False, False, False )
2020-05-17 22:56:58.993 +02:00 [ERR] Duplicate entry 'https://www.notino.it/profumi-uomo/?f=111-1-55544-55549' for key 'unique_1' for query: INSERT INTO websites_pages_aggregates (website_id, url, html, is_done, is_deleted, has_error) VALUES ( 1, 'https://www.notino.it/profumi-uomo/?f=111-1-55544-55549', NULL, False, False, False )
2020-05-17 22:57:00.156 +02:00 [ERR] Duplicate entry 'https://www.notino.it/profumi-uomo/?f=112-1-55544-55549' for key 'unique_1' for query: INSERT INTO websites_pages_aggregates (website_id, url, html, is_done, is_deleted, has_error) VALUES ( 1, 'https://www.notino.it/profumi-uomo/?f=112-1-55544-55549', NULL, False, False, False )
2020-05-17 22:57:05.495 +02:00 [ERR] Duplicate entry 'https://www.notino.it/profumi-uomo/?f=113-1-55544-55549' for key 'unique_1' for query: INSERT INTO websites_pages_aggregates (website_id, url, html, is_done, is_deleted, has_error) VALUES ( 1, 'https://www.notino.it/profumi-uomo/?f=113-1-55544-55549', NULL, False, False, False )
2020-05-17 22:57:09.044 +02:00 [ERR] Duplicate entry 'https://www.notino.it/profumi-uomo/?f=115-1-55544-55549' for key 'unique_1' for query: INSERT INTO websites_pages_aggregates (website_id, url, html, is_done, is_deleted, has_error) VALUES ( 1, 'https://www.notino.it/profumi-uomo/?f=115-1-55544-55549', NULL, False, False, False )
