2020-05-17 22:59:41.865 +02:00 [INF] Start aggregates procedure
2020-05-17 23:00:11.922 +02:00 [ERR] Duplicate entry 'https://www.notino.it/profumi-uomo/?f=3-1-55544-55549' for key 'unique_1' for query: INSERT INTO websites_pages_aggregates (website_id, url, html, is_done, is_deleted, has_error) VALUES ( 1, 'https://www.notino.it/profumi-uomo/?f=3-1-55544-55549', NULL, False, False, False )
2020-05-17 23:00:13.210 +02:00 [ERR] Duplicate entry 'https://www.notino.it/profumi-uomo/?f=2-1-55544-55549' for key 'unique_1' for query: INSERT INTO websites_pages_aggregates (website_id, url, html, is_done, is_deleted, has_error) VALUES ( 1, 'https://www.notino.it/profumi-uomo/?f=2-1-55544-55549', NULL, False, False, False )
2020-05-17 23:00:14.452 +02:00 [ERR] Duplicate entry 'https://www.notino.it/profumi-uomo/?f=115-1-55544-55549' for key 'unique_1' for query: INSERT INTO websites_pages_aggregates (website_id, url, html, is_done, is_deleted, has_error) VALUES ( 1, 'https://www.notino.it/profumi-uomo/?f=115-1-55544-55549', NULL, False, False, False )
2020-05-17 23:00:15.692 +02:00 [ERR] Duplicate entry 'https://www.notino.it/profumi-uomo/?f=4-1-55544-55549' for key 'unique_1' for query: INSERT INTO websites_pages_aggregates (website_id, url, html, is_done, is_deleted, has_error) VALUES ( 1, 'https://www.notino.it/profumi-uomo/?f=4-1-55544-55549', NULL, False, False, False )
2020-05-17 23:00:16.931 +02:00 [ERR] Duplicate entry 'https://www.notino.it/profumi-uomo/?f=5-1-55544-55549' for key 'unique_1' for query: INSERT INTO websites_pages_aggregates (website_id, url, html, is_done, is_deleted, has_error) VALUES ( 1, 'https://www.notino.it/profumi-uomo/?f=5-1-55544-55549', NULL, False, False, False )
2020-05-17 23:00:20.988 +02:00 [ERR] Duplicate entry 'https://www.notino.it/profumi-uomo/?f=4-1-55544-55549' for key 'unique_1' for query: INSERT INTO websites_pages_aggregates (website_id, url, html, is_done, is_deleted, has_error) VALUES ( 1, 'https://www.notino.it/profumi-uomo/?f=4-1-55544-55549', NULL, False, False, False )
2020-05-17 23:00:22.375 +02:00 [ERR] Duplicate entry 'https://www.notino.it/profumi-uomo/?f=6-1-55544-55549' for key 'unique_1' for query: INSERT INTO websites_pages_aggregates (website_id, url, html, is_done, is_deleted, has_error) VALUES ( 1, 'https://www.notino.it/profumi-uomo/?f=6-1-55544-55549', NULL, False, False, False )
2020-05-17 23:00:23.882 +02:00 [ERR] Duplicate entry 'https://www.notino.it/profumi-uomo/?f=5-1-55544-55549' for key 'unique_1' for query: INSERT INTO websites_pages_aggregates (website_id, url, html, is_done, is_deleted, has_error) VALUES ( 1, 'https://www.notino.it/profumi-uomo/?f=5-1-55544-55549', NULL, False, False, False )
2020-05-17 23:00:25.643 +02:00 [ERR] Duplicate entry 'https://www.notino.it/profumi-uomo/?f=115-1-55544-55549' for key 'unique_1' for query: INSERT INTO websites_pages_aggregates (website_id, url, html, is_done, is_deleted, has_error) VALUES ( 1, 'https://www.notino.it/profumi-uomo/?f=115-1-55544-55549', NULL, False, False, False )
2020-05-17 23:00:26.882 +02:00 [ERR] Duplicate entry 'https://www.notino.it/profumi-uomo/?f=3-1-55544-55549' for key 'unique_1' for query: INSERT INTO websites_pages_aggregates (website_id, url, html, is_done, is_deleted, has_error) VALUES ( 1, 'https://www.notino.it/profumi-uomo/?f=3-1-55544-55549', NULL, False, False, False )
2020-05-17 23:00:28.318 +02:00 [ERR] Duplicate entry 'https://www.notino.it/profumi-uomo/?f=7-1-55544-55549' for key 'unique_1' for query: INSERT INTO websites_pages_aggregates (website_id, url, html, is_done, is_deleted, has_error) VALUES ( 1, 'https://www.notino.it/profumi-uomo/?f=7-1-55544-55549', NULL, False, False, False )
2020-05-17 23:00:31.919 +02:00 [ERR] Duplicate entry 'https://www.notino.it/profumi-uomo/?f=3-1-55544-55549' for key 'unique_1' for query: INSERT INTO websites_pages_aggregates (website_id, url, html, is_done, is_deleted, has_error) VALUES ( 1, 'https://www.notino.it/profumi-uomo/?f=3-1-55544-55549', NULL, False, False, False )
2020-05-17 23:00:33.252 +02:00 [ERR] Duplicate entry 'https://www.notino.it/profumi-uomo/?f=5-1-55544-55549' for key 'unique_1' for query: INSERT INTO websites_pages_aggregates (website_id, url, html, is_done, is_deleted, has_error) VALUES ( 1, 'https://www.notino.it/profumi-uomo/?f=5-1-55544-55549', NULL, False, False, False )
2020-05-17 23:00:34.562 +02:00 [ERR] Duplicate entry 'https://www.notino.it/profumi-uomo/?f=4-1-55544-55549' for key 'unique_1' for query: INSERT INTO websites_pages_aggregates (website_id, url, html, is_done, is_deleted, has_error) VALUES ( 1, 'https://www.notino.it/profumi-uomo/?f=4-1-55544-55549', NULL, False, False, False )
2020-05-17 23:00:35.718 +02:00 [INF] ------DRIVER DISPOSED CORRECTLY------
2020-05-17 23:00:35.863 +02:00 [ERR] Duplicate entry 'https://www.notino.it/profumi-uomo/?f=115-1-55544-55549' for key 'unique_1' for query: INSERT INTO websites_pages_aggregates (website_id, url, html, is_done, is_deleted, has_error) VALUES ( 1, 'https://www.notino.it/profumi-uomo/?f=115-1-55544-55549', NULL, False, False, False )
2020-05-17 23:00:37.195 +02:00 [ERR] Duplicate entry 'https://www.notino.it/profumi-uomo/?f=2-1-55544-55549' for key 'unique_1' for query: INSERT INTO websites_pages_aggregates (website_id, url, html, is_done, is_deleted, has_error) VALUES ( 1, 'https://www.notino.it/profumi-uomo/?f=2-1-55544-55549', NULL, False, False, False )
2020-05-17 23:00:38.834 +02:00 [ERR] Duplicate entry 'https://www.notino.it/profumi-uomo/?f=6-1-55544-55549' for key 'unique_1' for query: INSERT INTO websites_pages_aggregates (website_id, url, html, is_done, is_deleted, has_error) VALUES ( 1, 'https://www.notino.it/profumi-uomo/?f=6-1-55544-55549', NULL, False, False, False )
2020-05-17 23:00:41.981 +02:00 [INF] ------DRIVER DISPOSED CORRECTLY------
2020-05-17 23:00:42.858 +02:00 [ERR] Duplicate entry 'https://www.notino.it/profumi-uomo/?f=5-1-55544-55549' for key 'unique_1' for query: INSERT INTO websites_pages_aggregates (website_id, url, html, is_done, is_deleted, has_error) VALUES ( 1, 'https://www.notino.it/profumi-uomo/?f=5-1-55544-55549', NULL, False, False, False )
2020-05-17 23:00:44.199 +02:00 [ERR] Duplicate entry 'https://www.notino.it/profumi-uomo/?f=7-1-55544-55549' for key 'unique_1' for query: INSERT INTO websites_pages_aggregates (website_id, url, html, is_done, is_deleted, has_error) VALUES ( 1, 'https://www.notino.it/profumi-uomo/?f=7-1-55544-55549', NULL, False, False, False )
2020-05-17 23:00:45.734 +02:00 [ERR] Duplicate entry 'https://www.notino.it/profumi-uomo/?f=6-1-55544-55549' for key 'unique_1' for query: INSERT INTO websites_pages_aggregates (website_id, url, html, is_done, is_deleted, has_error) VALUES ( 1, 'https://www.notino.it/profumi-uomo/?f=6-1-55544-55549', NULL, False, False, False )
2020-05-17 23:00:46.978 +02:00 [ERR] Duplicate entry 'https://www.notino.it/profumi-uomo/?f=115-1-55544-55549' for key 'unique_1' for query: INSERT INTO websites_pages_aggregates (website_id, url, html, is_done, is_deleted, has_error) VALUES ( 1, 'https://www.notino.it/profumi-uomo/?f=115-1-55544-55549', NULL, False, False, False )
2020-05-17 23:00:48.388 +02:00 [ERR] Duplicate entry 'https://www.notino.it/profumi-uomo/?f=4-1-55544-55549' for key 'unique_1' for query: INSERT INTO websites_pages_aggregates (website_id, url, html, is_done, is_deleted, has_error) VALUES ( 1, 'https://www.notino.it/profumi-uomo/?f=4-1-55544-55549', NULL, False, False, False )
2020-05-17 23:00:49.678 +02:00 [ERR] Duplicate entry 'https://www.notino.it/profumi-uomo/?f=8-1-55544-55549' for key 'unique_1' for query: INSERT INTO websites_pages_aggregates (website_id, url, html, is_done, is_deleted, has_error) VALUES ( 1, 'https://www.notino.it/profumi-uomo/?f=8-1-55544-55549', NULL, False, False, False )
2020-05-17 23:00:53.008 +02:00 [INF] ------DRIVER DISPOSED CORRECTLY------
2020-05-17 23:00:54.371 +02:00 [ERR] Duplicate entry 'https://www.notino.it/profumi-uomo/?f=8-1-55544-55549' for key 'unique_1' for query: INSERT INTO websites_pages_aggregates (website_id, url, html, is_done, is_deleted, has_error) VALUES ( 1, 'https://www.notino.it/profumi-uomo/?f=8-1-55544-55549', NULL, False, False, False )
2020-05-17 23:00:55.647 +02:00 [ERR] Duplicate entry 'https://www.notino.it/profumi-uomo/?f=10-1-55544-55549' for key 'unique_1' for query: INSERT INTO websites_pages_aggregates (website_id, url, html, is_done, is_deleted, has_error) VALUES ( 1, 'https://www.notino.it/profumi-uomo/?f=10-1-55544-55549', NULL, False, False, False )
2020-05-17 23:00:56.871 +02:00 [ERR] Duplicate entry 'https://www.notino.it/profumi-uomo/?f=9-1-55544-55549' for key 'unique_1' for query: INSERT INTO websites_pages_aggregates (website_id, url, html, is_done, is_deleted, has_error) VALUES ( 1, 'https://www.notino.it/profumi-uomo/?f=9-1-55544-55549', NULL, False, False, False )
2020-05-17 23:00:58.044 +02:00 [ERR] Duplicate entry 'https://www.notino.it/profumi-uomo/?f=115-1-55544-55549' for key 'unique_1' for query: INSERT INTO websites_pages_aggregates (website_id, url, html, is_done, is_deleted, has_error) VALUES ( 1, 'https://www.notino.it/profumi-uomo/?f=115-1-55544-55549', NULL, False, False, False )
2020-05-17 23:00:59.249 +02:00 [ERR] Duplicate entry 'https://www.notino.it/profumi-uomo/?f=7-1-55544-55549' for key 'unique_1' for query: INSERT INTO websites_pages_aggregates (website_id, url, html, is_done, is_deleted, has_error) VALUES ( 1, 'https://www.notino.it/profumi-uomo/?f=7-1-55544-55549', NULL, False, False, False )
2020-05-17 23:01:00.447 +02:00 [ERR] Duplicate entry 'https://www.notino.it/profumi-uomo/?f=11-1-55544-55549' for key 'unique_1' for query: INSERT INTO websites_pages_aggregates (website_id, url, html, is_done, is_deleted, has_error) VALUES ( 1, 'https://www.notino.it/profumi-uomo/?f=11-1-55544-55549', NULL, False, False, False )
2020-05-17 23:01:13.826 +02:00 [ERR] Duplicate entry 'https://www.notino.it/profumi-uomo/?f=11-1-55544-55549' for key 'unique_1' for query: INSERT INTO websites_pages_aggregates (website_id, url, html, is_done, is_deleted, has_error) VALUES ( 1, 'https://www.notino.it/profumi-uomo/?f=11-1-55544-55549', NULL, False, False, False )
2020-05-17 23:01:15.020 +02:00 [ERR] Duplicate entry 'https://www.notino.it/profumi-uomo/?f=13-1-55544-55549' for key 'unique_1' for query: INSERT INTO websites_pages_aggregates (website_id, url, html, is_done, is_deleted, has_error) VALUES ( 1, 'https://www.notino.it/profumi-uomo/?f=13-1-55544-55549', NULL, False, False, False )
2020-05-17 23:01:16.238 +02:00 [ERR] Duplicate entry 'https://www.notino.it/profumi-uomo/?f=12-1-55544-55549' for key 'unique_1' for query: INSERT INTO websites_pages_aggregates (website_id, url, html, is_done, is_deleted, has_error) VALUES ( 1, 'https://www.notino.it/profumi-uomo/?f=12-1-55544-55549', NULL, False, False, False )
2020-05-17 23:01:17.481 +02:00 [ERR] Duplicate entry 'https://www.notino.it/profumi-uomo/?f=115-1-55544-55549' for key 'unique_1' for query: INSERT INTO websites_pages_aggregates (website_id, url, html, is_done, is_deleted, has_error) VALUES ( 1, 'https://www.notino.it/profumi-uomo/?f=115-1-55544-55549', NULL, False, False, False )
2020-05-17 23:01:18.633 +02:00 [ERR] Duplicate entry 'https://www.notino.it/profumi-uomo/?f=10-1-55544-55549' for key 'unique_1' for query: INSERT INTO websites_pages_aggregates (website_id, url, html, is_done, is_deleted, has_error) VALUES ( 1, 'https://www.notino.it/profumi-uomo/?f=10-1-55544-55549', NULL, False, False, False )
2020-05-17 23:01:22.844 +02:00 [INF] ------DRIVER DISPOSED CORRECTLY------
2020-05-17 23:01:22.854 +02:00 [ERR] Fatal exception
System.NullReferenceException: Object reference not set to an instance of an object.
   at Middle_Notes.Saver.Program.<>c__DisplayClass2_1.<<SaveWebPages>b__0>d.MoveNext() in C:\Users\Davide\Documents\GitHub\middle-notes.saver\Middle-Notes.Saver\Middle-Notes.Saver\Program.cs:line 167
--- End of stack trace from previous location where exception was thrown ---
   at Middle_Notes.Saver.Program.SaveWebPages(Website website, SavingOptions options, WebPagesAggregatesRepository war, WebPagesMastersRepository wmr, String arg) in C:\Users\Davide\Documents\GitHub\middle-notes.saver\Middle-Notes.Saver\Middle-Notes.Saver\Program.cs:line 224
   at Middle_Notes.Saver.Program.Main(String[] args) in C:\Users\Davide\Documents\GitHub\middle-notes.saver\Middle-Notes.Saver\Middle-Notes.Saver\Program.cs:line 56
   at Middle_Notes.Saver.Program.<Main>(String[] args)
